Compiling the C compiler identification source file "CMakeCCompilerId.c" failed.
Compiler: F:/vs/VC/Tools/MSVC/14.26.28801/bin/HostX64/x64/cl.exe 
Build flags: 
Id flags:  

The output was:
2
Microsoft (R) C/C++ Optimizing Compiler Version 19.26.28805 for x64
Copyright (C) Microsoft Corporation.  All rights reserved.

CMakeCCompilerId.c
Microsoft (R) Incremental Linker Version 14.26.28805.0
Copyright (C) Microsoft Corporation.  All rights reserved.

/out:CMakeCCompilerId.exe 
CMakeCCompilerId.obj 
LINK : fatal error LNK1104: cannot open file 'kernel32.lib'


Compiling the CXX compiler identification source file "CMakeCXXCompilerId.cpp" failed.
Compiler: F:/vs/VC/Tools/MSVC/14.26.28801/bin/HostX64/x64/cl.exe 
Build flags: 
Id flags:  

The output was:
2
Microsoft (R) C/C++ Optimizing Compiler Version 19.26.28805 for x64
Copyright (C) Microsoft Corporation.  All rights reserved.

CMakeCXXCompilerId.cpp
Microsoft (R) Incremental Linker Version 14.26.28805.0
Copyright (C) Microsoft Corporation.  All rights reserved.

/out:CMakeCXXCompilerId.exe 
CMakeCXXCompilerId.obj 
LINK : fatal error LNK1104: cannot open file 'kernel32.lib'


Determining if the C compiler works failed with the following output:
Change Dir: H:/REDSTONE-MULTICHAIN PROJECT/redstone.multichain/out/build/x64-Debug (default)/CMakeFiles/CMakeTmp

Run Build Command(s):F:\VS\COMMON7\IDE\COMMONEXTENSIONS\MICROSOFT\CMAKE\Ninja\ninja.exe cmTC_0dad5 && [1/2] Building C object CMakeFiles\cmTC_0dad5.dir\testCCompiler.c.obj
[2/2] Linking C executable cmTC_0dad5.exe
FAILED: cmTC_0dad5.exe 
cmd.exe /C "cd . && F:\vs\Common7\IDE\CommonExtensions\Microsoft\CMake\CMake\bin\cmake.exe -E vs_link_exe --intdir=CMakeFiles\cmTC_0dad5.dir --rc=rc --mt=CMAKE_MT-NOTFOUND --manifests  -- F:\vs\VC\Tools\MSVC\14.26.28801\bin\Hostx64\x64\link.exe /nologo CMakeFiles\cmTC_0dad5.dir\testCCompiler.c.obj  /out:cmTC_0dad5.exe /implib:cmTC_0dad5.lib /pdb:cmTC_0dad5.pdb /version:0.0  /machine:x64  /debug /INCREMENTAL /subsystem:console  kernel32.lib user32.lib gdi32.lib winspool.lib shell32.lib ole32.lib oleaut32.lib uuid.lib comdlg32.lib advapi32.lib && cd ."
RC Pass 1: command "rc /fo CMakeFiles\cmTC_0dad5.dir/manifest.res CMakeFiles\cmTC_0dad5.dir/manifest.rc" failed (exit code 0) with the following output:
The system cannot find the file specified
ninja: build stopped: subcommand failed.



Compiling the C compiler identification source file "CMakeCCompilerId.c" failed.
Compiler: F:/vs/VC/Tools/MSVC/14.26.28801/bin/HostX64/x64/cl.exe 
Build flags: /DWIN32;/D_WINDOWS;/W3
Id flags:  

The output was:
2
Microsoft (R) C/C++ Optimizing Compiler Version 19.26.28805 for x64
Copyright (C) Microsoft Corporation.  All rights reserved.

CMakeCCompilerId.c
Microsoft (R) Incremental Linker Version 14.26.28805.0
Copyright (C) Microsoft Corporation.  All rights reserved.

/out:CMakeCCompilerId.exe 
CMakeCCompilerId.obj 
LINK : fatal error LNK1104: cannot open file 'kernel32.lib'


Compiling the CXX compiler identification source file "CMakeCXXCompilerId.cpp" failed.
Compiler: F:/vs/VC/Tools/MSVC/14.26.28801/bin/HostX64/x64/cl.exe 
Build flags: 
Id flags:  

The output was:
2
Microsoft (R) C/C++ Optimizing Compiler Version 19.26.28805 for x64
Copyright (C) Microsoft Corporation.  All rights reserved.

CMakeCXXCompilerId.cpp
Microsoft (R) Incremental Linker Version 14.26.28805.0
Copyright (C) Microsoft Corporation.  All rights reserved.

/out:CMakeCXXCompilerId.exe 
CMakeCXXCompilerId.obj 
LINK : fatal error LNK1104: cannot open file 'kernel32.lib'


Determining if the C compiler works failed with the following output:
Change Dir: H:/REDSTONE-MULTICHAIN PROJECT/redstone.multichain/out/build/x64-Debug (default)/CMakeFiles/CMakeTmp

Run Build Command(s):F:\VS\COMMON7\IDE\COMMONEXTENSIONS\MICROSOFT\CMAKE\Ninja\ninja.exe cmTC_d44ae && [1/2] Building C object CMakeFiles\cmTC_d44ae.dir\testCCompiler.c.obj
[2/2] Linking C executable cmTC_d44ae.exe
FAILED: cmTC_d44ae.exe 
cmd.exe /C "cd . && F:\vs\Common7\IDE\CommonExtensions\Microsoft\CMake\CMake\bin\cmake.exe -E vs_link_exe --intdir=CMakeFiles\cmTC_d44ae.dir --rc=rc --mt=CMAKE_MT-NOTFOUND --manifests  -- F:\vs\VC\Tools\MSVC\14.26.28801\bin\Hostx64\x64\link.exe /nologo CMakeFiles\cmTC_d44ae.dir\testCCompiler.c.obj  /out:cmTC_d44ae.exe /implib:cmTC_d44ae.lib /pdb:cmTC_d44ae.pdb /version:0.0  /machine:x64  /debug /INCREMENTAL /subsystem:console  kernel32.lib user32.lib gdi32.lib winspool.lib shell32.lib ole32.lib oleaut32.lib uuid.lib comdlg32.lib advapi32.lib && cd ."
RC Pass 1: command "rc /fo CMakeFiles\cmTC_d44ae.dir/manifest.res CMakeFiles\cmTC_d44ae.dir/manifest.rc" failed (exit code 0) with the following output:
The system cannot find the file specified
ninja: build stopped: subcommand failed.



